生成启动时间为 2018/2/23 15:28:45。
     1>项目“d:\Documents\Visual Studio 2012\Projects\c4\c4\c4.vcxproj”在节点 2 上(Build 个目标)。
     1>AddCudaCompileDeps:
         D:\software\visual studio\VC\bin\cl.exe /E /nologo /showIncludes /TP /D__CUDACC__ /DWIN32 /D_DEBUG /D_CONSOLE /D_UNICODE /DUNICODE /ID:\software\matlab\extern\include /ID:\software\matlab\extern\include\win64 /I"C:\Program Files\NVIDIA GPU Computing Toolkit\CUDA\v8.0\include" /I"C:\Program Files\NVIDIA GPU Computing Toolkit\CUDA\v8.0\bin" /I"C:\Program Files\NVIDIA GPU Computing Toolkit\CUDA\v8.0\include" /I. /FIcuda_runtime.h /c "d:\Documents\Visual Studio 2012\Projects\c4\c4\sobel.cu" 
     1>项目“d:\Documents\Visual Studio 2012\Projects\c4\c4\c4.vcxproj”(1)正在节点 2 上生成“d:\Documents\Visual Studio 2012\Projects\c4\c4\c4.vcxproj”(1:2) (CudaBuildCore 个目标)。
     1>CudaBuildCore:
         Compiling CUDA source file sobel.cu...
         cmd.exe /C "C:\Users\Administrator\AppData\Local\Temp\tmpdace312b40764f45a261b787486496d2.cmd"
         "C:\Program Files\NVIDIA GPU Computing Toolkit\CUDA\v8.0\bin\nvcc.exe" -gencode=arch=compute_20,code=\"sm_20,compute_20\" --use-local-env --cl-version 2012 -ccbin "D:\software\visual studio\VC\bin"  -ID:\software\matlab\extern\include -ID:\software\matlab\extern\include\win64 -I"C:\Program Files\NVIDIA GPU Computing Toolkit\CUDA\v8.0\include" -I"C:\Program Files\NVIDIA GPU Computing Toolkit\CUDA\v8.0\include"  -G   --keep-dir Debug -maxrregcount=0  --machine 32 --compile -cudart static  -g   -DWIN32 -D_DEBUG -D_CONSOLE -D_UNICODE -DUNICODE -Xcompiler "/EHsc /W3 /nologo /Od  /Zi /RTC1 /MDd " -o Debug\sobel.cu.obj "d:\Documents\Visual Studio 2012\Projects\c4\c4\sobel.cu"
         
         d:\Documents\Visual Studio 2012\Projects\c4\c4>"C:\Program Files\NVIDIA GPU Computing Toolkit\CUDA\v8.0\bin\nvcc.exe" -gencode=arch=compute_20,code=\"sm_20,compute_20\" --use-local-env --cl-version 2012 -ccbin "D:\software\visual studio\VC\bin"  -ID:\software\matlab\extern\include -ID:\software\matlab\extern\include\win64 -I"C:\Program Files\NVIDIA GPU Computing Toolkit\CUDA\v8.0\include" -I"C:\Program Files\NVIDIA GPU Computing Toolkit\CUDA\v8.0\include"  -G   --keep-dir Debug -maxrregcount=0  --machine 32 --compile -cudart static  -g   -DWIN32 -D_DEBUG -D_CONSOLE -D_UNICODE -DUNICODE -Xcompiler "/EHsc /W3 /nologo /Od  /Zi /RTC1 /MDd " -o Debug\sobel.cu.obj "d:\Documents\Visual Studio 2012\Projects\c4\c4\sobel.cu" 
     1>c:\program files\nvidia gpu computing toolkit\cuda\v8.0\include\math_functions.h : warning C4819: 该文件包含不能在当前代码页(936)中表示的字符。请将该文件保存为 Unicode 格式以防止数据丢失
     1>c:\program files\nvidia gpu computing toolkit\cuda\v8.0\include\math_functions.h(849): warning C4819: 该文件包含不能在当前代码页(936)中表示的字符。请将该文件保存为 Unicode 格式以防止数据丢失
     1>c:\program files\nvidia gpu computing toolkit\cuda\v8.0\include\math_functions.h(1787): warning C4819: 该文件包含不能在当前代码页(936)中表示的字符。请将该文件保存为 Unicode 格式以防止数据丢失
     1>c:\program files\nvidia gpu computing toolkit\cuda\v8.0\include\math_functions.h(2637): warning C4819: 该文件包含不能在当前代码页(936)中表示的字符。请将该文件保存为 Unicode 格式以防止数据丢失
     1>c:\program files\nvidia gpu computing toolkit\cuda\v8.0\include\math_functions.h(3492): warning C4819: 该文件包含不能在当前代码页(936)中表示的字符。请将该文件保存为 Unicode 格式以防止数据丢失
     1>c:\program files\nvidia gpu computing toolkit\cuda\v8.0\include\math_functions.h(4431): warning C4819: 该文件包含不能在当前代码页(936)中表示的字符。请将该文件保存为 Unicode 格式以防止数据丢失
     1>c:\program files\nvidia gpu computing toolkit\cuda\v8.0\include\math_functions.h(5345): warning C4819: 该文件包含不能在当前代码页(936)中表示的字符。请将该文件保存为 Unicode 格式以防止数据丢失
     1>c:\program files\nvidia gpu computing toolkit\cuda\v8.0\include\math_functions.h(6252): warning C4819: 该文件包含不能在当前代码页(936)中表示的字符。请将该文件保存为 Unicode 格式以防止数据丢失
     1>c:\program files\nvidia gpu computing toolkit\cuda\v8.0\include\math_functions.h(7142): warning C4819: 该文件包含不能在当前代码页(936)中表示的字符。请将该文件保存为 Unicode 格式以防止数据丢失
     1>c:\program files\nvidia gpu computing toolkit\cuda\v8.0\include\math_functions.h(7956): warning C4819: 该文件包含不能在当前代码页(936)中表示的字符。请将该文件保存为 Unicode 格式以防止数据丢失
     1>c:\program files\nvidia gpu computing toolkit\cuda\v8.0\include\device_functions.h : warning C4819: 该文件包含不能在当前代码页(936)中表示的字符。请将该文件保存为 Unicode 格式以防止数据丢失
     1>c:\program files\nvidia gpu computing toolkit\cuda\v8.0\include\device_functions.h(774): warning C4819: 该文件包含不能在当前代码页(936)中表示的字符。请将该文件保存为 Unicode 格式以防止数据丢失
     1>c:\program files\nvidia gpu computing toolkit\cuda\v8.0\include\device_functions.h(1618): warning C4819: 该文件包含不能在当前代码页(936)中表示的字符。请将该文件保存为 Unicode 格式以防止数据丢失
     1>c:\program files\nvidia gpu computing toolkit\cuda\v8.0\include\device_double_functions.h : warning C4819: 该文件包含不能在当前代码页(936)中表示的字符。请将该文件保存为 Unicode 格式以防止数据丢失
     1>c:\program files\nvidia gpu computing toolkit\cuda\v8.0\include\sm_20_intrinsics.h : warning C4819: 该文件包含不能在当前代码页(936)中表示的字符。请将该文件保存为 Unicode 格式以防止数据丢失
     1>c:\program files\nvidia gpu computing toolkit\cuda\v8.0\include\sm_20_intrinsics.h(943): warning C4819: 该文件包含不能在当前代码页(936)中表示的字符。请将该文件保存为 Unicode 格式以防止数据丢失
     1>C:\Program Files\NVIDIA GPU Computing Toolkit\CUDA\v8.0\include\device_functions.h : warning C4819: 该文件包含不能在当前代码页(936)中表示的字符。请将该文件保存为 Unicode 格式以防止数据丢失
     1>C:\Program Files\NVIDIA GPU Computing Toolkit\CUDA\v8.0\include\device_functions.h(774): warning C4819: 该文件包含不能在当前代码页(936)中表示的字符。请将该文件保存为 Unicode 格式以防止数据丢失
     1>C:\Program Files\NVIDIA GPU Computing Toolkit\CUDA\v8.0\include\device_functions.h(1618): warning C4819: 该文件包含不能在当前代码页(936)中表示的字符。请将该文件保存为 Unicode 格式以防止数据丢失
     1>F:\opencv\build\include\opencv2/core/types_c.h(345): warning : variable "t" is used before its value is set
     1>d:/Documents/Visual Studio 2012/Projects/c4/c4/sobel.cu(64): warning : transfer of control bypasses initialization of:
     1>d:/Documents/Visual Studio 2012/Projects/c4/c4/sobel.cu(69): warning : transfer of control bypasses initialization of:
     1>d:/Documents/Visual Studio 2012/Projects/c4/c4/sobel.cu(74): warning : transfer of control bypasses initialization of:
     1>d:/Documents/Visual Studio 2012/Projects/c4/c4/sobel.cu(81): warning : transfer of control bypasses initialization of:
     1>d:/Documents/Visual Studio 2012/Projects/c4/c4/sobel.cu(141): warning : transfer of control bypasses initialization of:
     1>d:/Documents/Visual Studio 2012/Projects/c4/c4/sobel.cu(146): warning : transfer of control bypasses initialization of:
     1>d:/Documents/Visual Studio 2012/Projects/c4/c4/sobel.cu(153): warning : transfer of control bypasses initialization of:
     1>d:/Documents/Visual Studio 2012/Projects/c4/c4/sobel.cu(220): warning : transfer of control bypasses initialization of:
     1>d:/Documents/Visual Studio 2012/Projects/c4/c4/sobel.cu(225): warning : transfer of control bypasses initialization of:
     1>d:/Documents/Visual Studio 2012/Projects/c4/c4/sobel.cu(232): warning : transfer of control bypasses initialization of:
     1>c:\program files\nvidia gpu computing toolkit\cuda\v8.0\include\math_functions.h : warning C4819: 该文件包含不能在当前代码页(936)中表示的字符。请将该文件保存为 Unicode 格式以防止数据丢失
     1>c:\program files\nvidia gpu computing toolkit\cuda\v8.0\include\math_functions.h(849): warning C4819: 该文件包含不能在当前代码页(936)中表示的字符。请将该文件保存为 Unicode 格式以防止数据丢失
     1>c:\program files\nvidia gpu computing toolkit\cuda\v8.0\include\math_functions.h(1787): warning C4819: 该文件包含不能在当前代码页(936)中表示的字符。请将该文件保存为 Unicode 格式以防止数据丢失
     1>c:\program files\nvidia gpu computing toolkit\cuda\v8.0\include\math_functions.h(2637): warning C4819: 该文件包含不能在当前代码页(936)中表示的字符。请将该文件保存为 Unicode 格式以防止数据丢失
     1>c:\program files\nvidia gpu computing toolkit\cuda\v8.0\include\math_functions.h(3492): warning C4819: 该文件包含不能在当前代码页(936)中表示的字符。请将该文件保存为 Unicode 格式以防止数据丢失
     1>c:\program files\nvidia gpu computing toolkit\cuda\v8.0\include\math_functions.h(4431): warning C4819: 该文件包含不能在当前代码页(936)中表示的字符。请将该文件保存为 Unicode 格式以防止数据丢失
     1>c:\program files\nvidia gpu computing toolkit\cuda\v8.0\include\math_functions.h(5345): warning C4819: 该文件包含不能在当前代码页(936)中表示的字符。请将该文件保存为 Unicode 格式以防止数据丢失
     1>c:\program files\nvidia gpu computing toolkit\cuda\v8.0\include\math_functions.h(6252): warning C4819: 该文件包含不能在当前代码页(936)中表示的字符。请将该文件保存为 Unicode 格式以防止数据丢失
     1>c:\program files\nvidia gpu computing toolkit\cuda\v8.0\include\math_functions.h(7142): warning C4819: 该文件包含不能在当前代码页(936)中表示的字符。请将该文件保存为 Unicode 格式以防止数据丢失
     1>c:\program files\nvidia gpu computing toolkit\cuda\v8.0\include\math_functions.h(7956): warning C4819: 该文件包含不能在当前代码页(936)中表示的字符。请将该文件保存为 Unicode 格式以防止数据丢失
     1>c:\program files\nvidia gpu computing toolkit\cuda\v8.0\include\device_functions.h : warning C4819: 该文件包含不能在当前代码页(936)中表示的字符。请将该文件保存为 Unicode 格式以防止数据丢失
     1>c:\program files\nvidia gpu computing toolkit\cuda\v8.0\include\device_functions.h(774): warning C4819: 该文件包含不能在当前代码页(936)中表示的字符。请将该文件保存为 Unicode 格式以防止数据丢失
     1>c:\program files\nvidia gpu computing toolkit\cuda\v8.0\include\device_functions.h(1618): warning C4819: 该文件包含不能在当前代码页(936)中表示的字符。请将该文件保存为 Unicode 格式以防止数据丢失
     1>c:\program files\nvidia gpu computing toolkit\cuda\v8.0\include\device_double_functions.h : warning C4819: 该文件包含不能在当前代码页(936)中表示的字符。请将该文件保存为 Unicode 格式以防止数据丢失
     1>c:\program files\nvidia gpu computing toolkit\cuda\v8.0\include\sm_20_intrinsics.h : warning C4819: 该文件包含不能在当前代码页(936)中表示的字符。请将该文件保存为 Unicode 格式以防止数据丢失
     1>c:\program files\nvidia gpu computing toolkit\cuda\v8.0\include\sm_20_intrinsics.h(943): warning C4819: 该文件包含不能在当前代码页(936)中表示的字符。请将该文件保存为 Unicode 格式以防止数据丢失
     1>C:\Program Files\NVIDIA GPU Computing Toolkit\CUDA\v8.0\include\device_functions.h : warning C4819: 该文件包含不能在当前代码页(936)中表示的字符。请将该文件保存为 Unicode 格式以防止数据丢失
     1>C:\Program Files\NVIDIA GPU Computing Toolkit\CUDA\v8.0\include\device_functions.h(774): warning C4819: 该文件包含不能在当前代码页(936)中表示的字符。请将该文件保存为 Unicode 格式以防止数据丢失
     1>C:\Program Files\NVIDIA GPU Computing Toolkit\CUDA\v8.0\include\device_functions.h(1618): warning C4819: 该文件包含不能在当前代码页(936)中表示的字符。请将该文件保存为 Unicode 格式以防止数据丢失
     1>F:\opencv\build\include\opencv2/core/types_c.h(345): warning : variable "t" is used before its value is set
     1>f:\opencv\build\include\opencv2\flann\lsh_table.h(220): warning : statement is unreachable
     1>f:\opencv\build\include\opencv2\flann\lsh_table.h(225): warning : statement is unreachable
     1>f:\opencv\build\include\opencv2\flann\lsh_table.h(234): warning : statement is unreachable
     1>f:\opencv\build\include\opencv2\flann\index_testing.h(248): warning : variable "p1" was set but never used
     1>F:\opencv\build\include\opencv2/core/affine.hpp(282): warning : controlling expression is constant
     1>d:/Documents/Visual Studio 2012/Projects/c4/c4/sobel.cu(64): warning : transfer of control bypasses initialization of:
     1>d:/Documents/Visual Studio 2012/Projects/c4/c4/sobel.cu(69): warning : transfer of control bypasses initialization of:
     1>d:/Documents/Visual Studio 2012/Projects/c4/c4/sobel.cu(74): warning : transfer of control bypasses initialization of:
     1>d:/Documents/Visual Studio 2012/Projects/c4/c4/sobel.cu(81): warning : transfer of control bypasses initialization of:
     1>d:/Documents/Visual Studio 2012/Projects/c4/c4/sobel.cu(141): warning : transfer of control bypasses initialization of:
     1>d:/Documents/Visual Studio 2012/Projects/c4/c4/sobel.cu(146): warning : transfer of control bypasses initialization of:
     1>d:/Documents/Visual Studio 2012/Projects/c4/c4/sobel.cu(153): warning : transfer of control bypasses initialization of:
     1>d:/Documents/Visual Studio 2012/Projects/c4/c4/sobel.cu(220): warning : transfer of control bypasses initialization of:
     1>d:/Documents/Visual Studio 2012/Projects/c4/c4/sobel.cu(225): warning : transfer of control bypasses initialization of:
     1>d:/Documents/Visual Studio 2012/Projects/c4/c4/sobel.cu(232): warning : transfer of control bypasses initialization of:
     1>c:\program files\nvidia gpu computing toolkit\cuda\v8.0\include\math_functions.h : warning C4819: 该文件包含不能在当前代码页(936)中表示的字符。请将该文件保存为 Unicode 格式以防止数据丢失
     1>c:\program files\nvidia gpu computing toolkit\cuda\v8.0\include\math_functions.h(849): warning C4819: 该文件包含不能在当前代码页(936)中表示的字符。请将该文件保存为 Unicode 格式以防止数据丢失
     1>c:\program files\nvidia gpu computing toolkit\cuda\v8.0\include\math_functions.h(1787): warning C4819: 该文件包含不能在当前代码页(936)中表示的字符。请将该文件保存为 Unicode 格式以防止数据丢失
     1>c:\program files\nvidia gpu computing toolkit\cuda\v8.0\include\math_functions.h(2637): warning C4819: 该文件包含不能在当前代码页(936)中表示的字符。请将该文件保存为 Unicode 格式以防止数据丢失
     1>c:\program files\nvidia gpu computing toolkit\cuda\v8.0\include\math_functions.h(3492): warning C4819: 该文件包含不能在当前代码页(936)中表示的字符。请将该文件保存为 Unicode 格式以防止数据丢失
     1>c:\program files\nvidia gpu computing toolkit\cuda\v8.0\include\math_functions.h(4431): warning C4819: 该文件包含不能在当前代码页(936)中表示的字符。请将该文件保存为 Unicode 格式以防止数据丢失
     1>c:\program files\nvidia gpu computing toolkit\cuda\v8.0\include\math_functions.h(5345): warning C4819: 该文件包含不能在当前代码页(936)中表示的字符。请将该文件保存为 Unicode 格式以防止数据丢失
     1>c:\program files\nvidia gpu computing toolkit\cuda\v8.0\include\math_functions.h(6252): warning C4819: 该文件包含不能在当前代码页(936)中表示的字符。请将该文件保存为 Unicode 格式以防止数据丢失
     1>c:\program files\nvidia gpu computing toolkit\cuda\v8.0\include\math_functions.h(7142): warning C4819: 该文件包含不能在当前代码页(936)中表示的字符。请将该文件保存为 Unicode 格式以防止数据丢失
     1>c:\program files\nvidia gpu computing toolkit\cuda\v8.0\include\math_functions.h(7956): warning C4819: 该文件包含不能在当前代码页(936)中表示的字符。请将该文件保存为 Unicode 格式以防止数据丢失
     1>c:\program files\nvidia gpu computing toolkit\cuda\v8.0\include\math_functions.h : warning C4819: 该文件包含不能在当前代码页(936)中表示的字符。请将该文件保存为 Unicode 格式以防止数据丢失
     1>c:\program files\nvidia gpu computing toolkit\cuda\v8.0\include\math_functions.h(849): warning C4819: 该文件包含不能在当前代码页(936)中表示的字符。请将该文件保存为 Unicode 格式以防止数据丢失
     1>c:\program files\nvidia gpu computing toolkit\cuda\v8.0\include\math_functions.h(1787): warning C4819: 该文件包含不能在当前代码页(936)中表示的字符。请将该文件保存为 Unicode 格式以防止数据丢失
     1>c:\program files\nvidia gpu computing toolkit\cuda\v8.0\include\math_functions.h(2637): warning C4819: 该文件包含不能在当前代码页(936)中表示的字符。请将该文件保存为 Unicode 格式以防止数据丢失
     1>c:\program files\nvidia gpu computing toolkit\cuda\v8.0\include\math_functions.h(3492): warning C4819: 该文件包含不能在当前代码页(936)中表示的字符。请将该文件保存为 Unicode 格式以防止数据丢失
     1>c:\program files\nvidia gpu computing toolkit\cuda\v8.0\include\math_functions.h(4431): warning C4819: 该文件包含不能在当前代码页(936)中表示的字符。请将该文件保存为 Unicode 格式以防止数据丢失
     1>c:\program files\nvidia gpu computing toolkit\cuda\v8.0\include\math_functions.h(5345): warning C4819: 该文件包含不能在当前代码页(936)中表示的字符。请将该文件保存为 Unicode 格式以防止数据丢失
     1>c:\program files\nvidia gpu computing toolkit\cuda\v8.0\include\math_functions.h(6252): warning C4819: 该文件包含不能在当前代码页(936)中表示的字符。请将该文件保存为 Unicode 格式以防止数据丢失
     1>c:\program files\nvidia gpu computing toolkit\cuda\v8.0\include\math_functions.h(7142): warning C4819: 该文件包含不能在当前代码页(936)中表示的字符。请将该文件保存为 Unicode 格式以防止数据丢失
     1>c:\program files\nvidia gpu computing toolkit\cuda\v8.0\include\math_functions.h(7956): warning C4819: 该文件包含不能在当前代码页(936)中表示的字符。请将该文件保存为 Unicode 格式以防止数据丢失
     1>c:\program files\nvidia gpu computing toolkit\cuda\v8.0\include\device_functions_decls.h : warning C4819: 该文件包含不能在当前代码页(936)中表示的字符。请将该文件保存为 Unicode 格式以防止数据丢失
     1>c:\program files\nvidia gpu computing toolkit\cuda\v8.0\include\device_functions_decls.h(910): warning C4819: 该文件包含不能在当前代码页(936)中表示的字符。请将该文件保存为 Unicode 格式以防止数据丢失
     1>c:\program files\nvidia gpu computing toolkit\cuda\v8.0\include\device_functions_decls.h(1903): warning C4819: 该文件包含不能在当前代码页(936)中表示的字符。请将该文件保存为 Unicode 格式以防止数据丢失
     1>c:\program files\nvidia gpu computing toolkit\cuda\v8.0\include\device_functions_decls.h(2843): warning C4819: 该文件包含不能在当前代码页(936)中表示的字符。请将该文件保存为 Unicode 格式以防止数据丢失
     1>c:\program files\nvidia gpu computing toolkit\cuda\v8.0\include\device_functions_decls.h(3779): warning C4819: 该文件包含不能在当前代码页(936)中表示的字符。请将该文件保存为 Unicode 格式以防止数据丢失
     1>c:\program files\nvidia gpu computing toolkit\cuda\v8.0\include\device_functions_decls.h(4721): warning C4819: 该文件包含不能在当前代码页(936)中表示的字符。请将该文件保存为 Unicode 格式以防止数据丢失
     1>c:\program files\nvidia gpu computing toolkit\cuda\v8.0\include\device_functions_decls.h(5723): warning C4819: 该文件包含不能在当前代码页(936)中表示的字符。请将该文件保存为 Unicode 格式以防止数据丢失
     1>c:\program files\nvidia gpu computing toolkit\cuda\v8.0\include\device_functions_decls.h(6682): warning C4819: 该文件包含不能在当前代码页(936)中表示的字符。请将该文件保存为 Unicode 格式以防止数据丢失
     1>c:\program files\nvidia gpu computing toolkit\cuda\v8.0\include\device_functions_decls.h(7610): warning C4819: 该文件包含不能在当前代码页(936)中表示的字符。请将该文件保存为 Unicode 格式以防止数据丢失
     1>c:\program files\nvidia gpu computing toolkit\cuda\v8.0\include\device_functions_decls.h(8543): warning C4819: 该文件包含不能在当前代码页(936)中表示的字符。请将该文件保存为 Unicode 格式以防止数据丢失
     1>c:\program files\nvidia gpu computing toolkit\cuda\v8.0\include\device_functions_decls.h(9413): warning C4819: 该文件包含不能在当前代码页(936)中表示的字符。请将该文件保存为 Unicode 格式以防止数据丢失
     1>c:\program files\nvidia gpu computing toolkit\cuda\v8.0\include\device_functions_decls.h(10391): warning C4819: 该文件包含不能在当前代码页(936)中表示的字符。请将该文件保存为 Unicode 格式以防止数据丢失
     1>c:\program files\nvidia gpu computing toolkit\cuda\v8.0\include\device_functions_decls.h(11435): warning C4819: 该文件包含不能在当前代码页(936)中表示的字符。请将该文件保存为 Unicode 格式以防止数据丢失
     1>c:\program files\nvidia gpu computing toolkit\cuda\v8.0\include\device_functions.h : warning C4819: 该文件包含不能在当前代码页(936)中表示的字符。请将该文件保存为 Unicode 格式以防止数据丢失
     1>c:\program files\nvidia gpu computing toolkit\cuda\v8.0\include\device_functions.h(774): warning C4819: 该文件包含不能在当前代码页(936)中表示的字符。请将该文件保存为 Unicode 格式以防止数据丢失
     1>c:\program files\nvidia gpu computing toolkit\cuda\v8.0\include\device_functions.h(1618): warning C4819: 该文件包含不能在当前代码页(936)中表示的字符。请将该文件保存为 Unicode 格式以防止数据丢失
     1>c:\program files\nvidia gpu computing toolkit\cuda\v8.0\include\device_double_functions.h : warning C4819: 该文件包含不能在当前代码页(936)中表示的字符。请将该文件保存为 Unicode 格式以防止数据丢失
     1>c:\program files\nvidia gpu computing toolkit\cuda\v8.0\include\sm_20_intrinsics.h : warning C4819: 该文件包含不能在当前代码页(936)中表示的字符。请将该文件保存为 Unicode 格式以防止数据丢失
     1>c:\program files\nvidia gpu computing toolkit\cuda\v8.0\include\sm_20_intrinsics.h(943): warning C4819: 该文件包含不能在当前代码页(936)中表示的字符。请将该文件保存为 Unicode 格式以防止数据丢失
     1>c:\program files\nvidia gpu computing toolkit\cuda\v8.0\include\math_functions.h : warning C4819: 该文件包含不能在当前代码页(936)中表示的字符。请将该文件保存为 Unicode 格式以防止数据丢失
     1>c:\program files\nvidia gpu computing toolkit\cuda\v8.0\include\math_functions.h(849): warning C4819: 该文件包含不能在当前代码页(936)中表示的字符。请将该文件保存为 Unicode 格式以防止数据丢失
     1>c:\program files\nvidia gpu computing toolkit\cuda\v8.0\include\math_functions.h(1787): warning C4819: 该文件包含不能在当前代码页(936)中表示的字符。请将该文件保存为 Unicode 格式以防止数据丢失
     1>c:\program files\nvidia gpu computing toolkit\cuda\v8.0\include\math_functions.h(2637): warning C4819: 该文件包含不能在当前代码页(936)中表示的字符。请将该文件保存为 Unicode 格式以防止数据丢失
     1>c:\program files\nvidia gpu computing toolkit\cuda\v8.0\include\math_functions.h(3492): warning C4819: 该文件包含不能在当前代码页(936)中表示的字符。请将该文件保存为 Unicode 格式以防止数据丢失
     1>c:\program files\nvidia gpu computing toolkit\cuda\v8.0\include\math_functions.h(4431): warning C4819: 该文件包含不能在当前代码页(936)中表示的字符。请将该文件保存为 Unicode 格式以防止数据丢失
     1>c:\program files\nvidia gpu computing toolkit\cuda\v8.0\include\math_functions.h(5345): warning C4819: 该文件包含不能在当前代码页(936)中表示的字符。请将该文件保存为 Unicode 格式以防止数据丢失
     1>c:\program files\nvidia gpu computing toolkit\cuda\v8.0\include\math_functions.h(6252): warning C4819: 该文件包含不能在当前代码页(936)中表示的字符。请将该文件保存为 Unicode 格式以防止数据丢失
     1>c:\program files\nvidia gpu computing toolkit\cuda\v8.0\include\math_functions.h(7142): warning C4819: 该文件包含不能在当前代码页(936)中表示的字符。请将该文件保存为 Unicode 格式以防止数据丢失
     1>c:\program files\nvidia gpu computing toolkit\cuda\v8.0\include\math_functions.h(7956): warning C4819: 该文件包含不能在当前代码页(936)中表示的字符。请将该文件保存为 Unicode 格式以防止数据丢失
     1>CUDACOMPILE : nvcc warning : The 'compute_20', 'sm_20', and 'sm_21' architectures are deprecated, and may be removed in a future release (Use -Wno-deprecated-gpu-targets to suppress warning).
         sobel.cu
     1>d:/Documents/Visual Studio 2012/Projects/c4/c4/sobel.cu(97): warning C4533: “goto blocksPerGrid”跳过了“Error”的初始化操作
                 d:/Documents/Visual Studio 2012/Projects/c4/c4/sobel.cu(85) : 参见“blocksPerGrid”的声明
                 d:/Documents/Visual Studio 2012/Projects/c4/c4/sobel.cu(97) : 参见“Error”的声明
     1>d:/Documents/Visual Studio 2012/Projects/c4/c4/sobel.cu(97): warning C4533: “goto threadsPerBlock”跳过了“Error”的初始化操作
                 d:/Documents/Visual Studio 2012/Projects/c4/c4/sobel.cu(84) : 参见“threadsPerBlock”的声明
                 d:/Documents/Visual Studio 2012/Projects/c4/c4/sobel.cu(97) : 参见“Error”的声明
                 d:/Documents/Visual Studio 2012/Projects/c4/c4/sobel.cu(85) : 参见“blocksPerGrid”的声明
                 d:/Documents/Visual Studio 2012/Projects/c4/c4/sobel.cu(97) : 参见“Error”的声明
                 d:/Documents/Visual Studio 2012/Projects/c4/c4/sobel.cu(84) : 参见“threadsPerBlock”的声明
                 d:/Documents/Visual Studio 2012/Projects/c4/c4/sobel.cu(97) : 参见“Error”的声明
                 d:/Documents/Visual Studio 2012/Projects/c4/c4/sobel.cu(85) : 参见“blocksPerGrid”的声明
                 d:/Documents/Visual Studio 2012/Projects/c4/c4/sobel.cu(97) : 参见“Error”的声明
                 d:/Documents/Visual Studio 2012/Projects/c4/c4/sobel.cu(84) : 参见“threadsPerBlock”的声明
                 d:/Documents/Visual Studio 2012/Projects/c4/c4/sobel.cu(97) : 参见“Error”的声明
                 d:/Documents/Visual Studio 2012/Projects/c4/c4/sobel.cu(85) : 参见“blocksPerGrid”的声明
                 d:/Documents/Visual Studio 2012/Projects/c4/c4/sobel.cu(97) : 参见“Error”的声明
                 d:/Documents/Visual Studio 2012/Projects/c4/c4/sobel.cu(84) : 参见“threadsPerBlock”的声明
                 d:/Documents/Visual Studio 2012/Projects/c4/c4/sobel.cu(97) : 参见“Error”的声明
     1>d:/Documents/Visual Studio 2012/Projects/c4/c4/sobel.cu(169): warning C4533: “goto blocksPerGrid”跳过了“Error”的初始化操作
                 d:/Documents/Visual Studio 2012/Projects/c4/c4/sobel.cu(157) : 参见“blocksPerGrid”的声明
                 d:/Documents/Visual Studio 2012/Projects/c4/c4/sobel.cu(169) : 参见“Error”的声明
     1>d:/Documents/Visual Studio 2012/Projects/c4/c4/sobel.cu(169): warning C4533: “goto threadsPerBlock”跳过了“Error”的初始化操作
                 d:/Documents/Visual Studio 2012/Projects/c4/c4/sobel.cu(156) : 参见“threadsPerBlock”的声明
                 d:/Documents/Visual Studio 2012/Projects/c4/c4/sobel.cu(169) : 参见“Error”的声明
                 d:/Documents/Visual Studio 2012/Projects/c4/c4/sobel.cu(157) : 参见“blocksPerGrid”的声明
                 d:/Documents/Visual Studio 2012/Projects/c4/c4/sobel.cu(169) : 参见“Error”的声明
                 d:/Documents/Visual Studio 2012/Projects/c4/c4/sobel.cu(156) : 参见“threadsPerBlock”的声明
                 d:/Documents/Visual Studio 2012/Projects/c4/c4/sobel.cu(169) : 参见“Error”的声明
                 d:/Documents/Visual Studio 2012/Projects/c4/c4/sobel.cu(157) : 参见“blocksPerGrid”的声明
                 d:/Documents/Visual Studio 2012/Projects/c4/c4/sobel.cu(169) : 参见“Error”的声明
                 d:/Documents/Visual Studio 2012/Projects/c4/c4/sobel.cu(156) : 参见“threadsPerBlock”的声明
                 d:/Documents/Visual Studio 2012/Projects/c4/c4/sobel.cu(169) : 参见“Error”的声明
     1>d:/Documents/Visual Studio 2012/Projects/c4/c4/sobel.cu(248): warning C4533: “goto blocksPerGrid”跳过了“Error”的初始化操作
                 d:/Documents/Visual Studio 2012/Projects/c4/c4/sobel.cu(236) : 参见“blocksPerGrid”的声明
                 d:/Documents/Visual Studio 2012/Projects/c4/c4/sobel.cu(248) : 参见“Error”的声明
     1>d:/Documents/Visual Studio 2012/Projects/c4/c4/sobel.cu(248): warning C4533: “goto threadsPerBlock”跳过了“Error”的初始化操作
                 d:/Documents/Visual Studio 2012/Projects/c4/c4/sobel.cu(235) : 参见“threadsPerBlock”的声明
                 d:/Documents/Visual Studio 2012/Projects/c4/c4/sobel.cu(248) : 参见“Error”的声明
                 d:/Documents/Visual Studio 2012/Projects/c4/c4/sobel.cu(236) : 参见“blocksPerGrid”的声明
                 d:/Documents/Visual Studio 2012/Projects/c4/c4/sobel.cu(248) : 参见“Error”的声明
                 d:/Documents/Visual Studio 2012/Projects/c4/c4/sobel.cu(235) : 参见“threadsPerBlock”的声明
                 d:/Documents/Visual Studio 2012/Projects/c4/c4/sobel.cu(248) : 参见“Error”的声明
                 d:/Documents/Visual Studio 2012/Projects/c4/c4/sobel.cu(236) : 参见“blocksPerGrid”的声明
                 d:/Documents/Visual Studio 2012/Projects/c4/c4/sobel.cu(248) : 参见“Error”的声明
                 d:/Documents/Visual Studio 2012/Projects/c4/c4/sobel.cu(235) : 参见“threadsPerBlock”的声明
                 d:/Documents/Visual Studio 2012/Projects/c4/c4/sobel.cu(248) : 参见“Error”的声明
     1>已完成生成项目“d:\Documents\Visual Studio 2012\Projects\c4\c4\c4.vcxproj”(CudaBuildCore 个目标)的操作。
     1>ClCompile:
         D:\software\visual studio\VC\bin\CL.exe /c /ID:\software\matlab\extern\include /ID:\software\matlab\extern\include\win64 /I"C:\Program Files\NVIDIA GPU Computing Toolkit\CUDA\v8.0\include" /ZI /nologo /W3 /WX- /sdl /Od /Oy- /D WIN32 /D _DEBUG /D _CONSOLE /D _UNICODE /D UNICODE /Gm /EHsc /RTC1 /MDd /GS /fp:precise /Zc:wchar_t /Zc:forScope /Yu"stdafx.h" /Fp"Debug\c4.pch" /Fo"Debug\\" /Fd"Debug\vc110.pdb" /Gd /TP /analyze- /errorReport:prompt /D _CRT_SECURE_NO_WARNINGS /D _SCL_SECURE_NO_WARNINGS Pedestrian_ICRA.cpp c4.cpp
         Pedestrian_ICRA.cpp
     1>c:\program files\nvidia gpu computing toolkit\cuda\v8.0\include\device_functions.h : warning C4819: 该文件包含不能在当前代码页(936)中表示的字符。请将该文件保存为 Unicode 格式以防止数据丢失
     1>c:\program files\nvidia gpu computing toolkit\cuda\v8.0\include\device_functions.h(774): warning C4819: 该文件包含不能在当前代码页(936)中表示的字符。请将该文件保存为 Unicode 格式以防止数据丢失
     1>c:\program files\nvidia gpu computing toolkit\cuda\v8.0\include\device_functions.h(1618): warning C4819: 该文件包含不能在当前代码页(936)中表示的字符。请将该文件保存为 Unicode 格式以防止数据丢失
     1>c:\program files\nvidia gpu computing toolkit\cuda\v8.0\include\device_double_functions.h : warning C4819: 该文件包含不能在当前代码页(936)中表示的字符。请将该文件保存为 Unicode 格式以防止数据丢失
     1>c:\program files\nvidia gpu computing toolkit\cuda\v8.0\include\sm_20_intrinsics.h : warning C4819: 该文件包含不能在当前代码页(936)中表示的字符。请将该文件保存为 Unicode 格式以防止数据丢失
     1>c:\program files\nvidia gpu computing toolkit\cuda\v8.0\include\sm_20_intrinsics.h(943): warning C4819: 该文件包含不能在当前代码页(936)中表示的字符。请将该文件保存为 Unicode 格式以防止数据丢失
     1>d:\documents\visual studio 2012\projects\c4\c4\pedestrian_icra.cpp(427): warning C4101: “cost”: 未引用的局部变量
     1>d:\documents\visual studio 2012\projects\c4\c4\pedestrian_icra.cpp(515): warning C4244: “参数”: 从“double”转换到“int”，可能丢失数据
         正在生成代码...
         正在跳过...(未检测到相关更改)
         c4.cpp
       Link:
         D:\software\visual studio\VC\bin\link.exe /ERRORREPORT:PROMPT /OUT:"d:\Documents\Visual Studio 2012\Projects\c4\Debug\c4.exe" /INCREMENTAL /NOLOGO /LIBPATH:"C:\Program Files\NVIDIA GPU Computing Toolkit\CUDA\v8.0\lib\Win32" cublas.lib cublas_device.lib cuda.lib cudadevrt.lib cudart.lib cudart_static.lib cufft.lib cufftw.lib curand.lib cusparse.lib nppc.lib nppi.lib npps.lib nvblas.lib nvcuvid.lib OpenCL.lib opencv_ml2413d.lib opencv_calib3d2413d.lib opencv_contrib2413d.lib opencv_highgui2413d.lib opencv_core2413d.lib opencv_features2d2413d.lib opencv_flann2413d.lib opencv_gpu2413d.lib opencv_imgproc2413d.lib opencv_legacy2413d.lib opencv_objdetect2413d.lib opencv_ts2413d.lib opencv_video2413d.lib opencv_nonfree2413d.lib opencv_ocl2413d.lib opencv_photo2413d.lib opencv_stitching2413d.lib opencv_superres2413d.lib opencv_videostab2413d.lib opencl.lib cublas.lib cublas_device.lib cuda.lib cudadevrt.lib cudart.lib cudart_static.lib cufft.lib cufftw.lib curand.lib cusparse.lib nppc.lib nppi.lib npps.lib nvblas.lib nvcuvid.lib OpenCL.lib cublas.lib cublas_device.lib cuda.lib cudadevrt.lib cudart.lib cudart_static.lib cufft.lib cufftw.lib curand.lib cusparse.lib nppc.lib nppi.lib npps.lib nvblas.lib nvcuvid.lib OpenCL.lib kernel32.lib user32.lib gdi32.lib winspool.lib comdlg32.lib advapi32.lib shell32.lib ole32.lib oleaut32.lib uuid.lib odbc32.lib odbccp32.lib /MANIFEST /MANIFESTUAC:"level='asInvoker' uiAccess='false'" /manifest:embed /DEBUG /PDB:"d:\Documents\Visual Studio 2012\Projects\c4\Debug\c4.pdb" /SUBSYSTEM:CONSOLE /TLBID:1 /DYNAMICBASE /NXCOMPAT /IMPLIB:"d:\Documents\Visual Studio 2012\Projects\c4\Debug\c4.lib" /MACHINE:X86 Debug\sobel.cu.obj
         Debug\c4.obj
         Debug\Pedestrian_ICRA.obj
         Debug\stdafx.obj
         c4.vcxproj -> d:\Documents\Visual Studio 2012\Projects\c4\Debug\c4.exe
     1>已完成生成项目“d:\Documents\Visual Studio 2012\Projects\c4\c4\c4.vcxproj”(Build 个目标)的操作。

生成成功。

已用时间 00:00:12.30
